<?xml version="1.0" encoding="UTF-8"?>
<testng-results ignored="0" total="1" passed="1" failed="0" skipped="0">
  <reporter-output>
  </reporter-output>
  <suite started-at="2026-03-03T17:16:12 IST" name="Default suite" finished-at="2026-03-03T17:16:17 IST" duration-ms="4594">
    <groups>
    </groups>
    <test started-at="2026-03-03T17:16:12 IST" name="Default test" finished-at="2026-03-03T17:16:17 IST" duration-ms="4594">
      <class name="test.SignUpPageTest">
        <test-method is-config="true" signature="setUp()[pri:0, instance:test.SignUpPageTest@7161d8d1]" started-at="2026-03-03T17:16:08 IST" name="setUp" finished-at="2026-03-03T17:16:12 IST" duration-ms="4828" status="PASS">
          <reporter-output>
          </reporter-output>
        </test-method> <!-- setUp -->
        <test-method is-config="true" signature="beforeSignup()[pri:0, instance:test.SignUpPageTest@7161d8d1]" started-at="2026-03-03T17:16:13 IST" name="beforeSignup" finished-at="2026-03-03T17:16:13 IST" duration-ms="41" status="PASS">
          <reporter-output>
          </reporter-output>
        </test-method> <!-- beforeSignup -->
        <test-method signature="signup()[pri:0, instance:test.SignUpPageTest@7161d8d1]" started-at="2026-03-03T17:16:13 IST" name="signup" finished-at="2026-03-03T17:16:17 IST" duration-ms="4370" status="PASS">
          <reporter-output>
          </reporter-output>
        </test-method> <!-- signup -->
        <test-method is-config="true" signature="afterSignup()[pri:0, instance:test.SignUpPageTest@7161d8d1]" started-at="2026-03-03T17:16:17 IST" name="afterSignup" finished-at="2026-03-03T17:16:17 IST" duration-ms="23" status="PASS">
          <reporter-output>
          </reporter-output>
        </test-method> <!-- afterSignup -->
        <test-method is-config="true" signature="tearDown()[pri:0, instance:test.SignUpPageTest@7161d8d1]" started-at="2026-03-03T17:16:17 IST" name="tearDown" finished-at="2026-03-03T17:16:18 IST" duration-ms="472" status="PASS">
          <reporter-output>
          </reporter-output>
        </test-method> <!-- tearDown -->
      </class> <!-- test.SignUpPageTest -->
    </test> <!-- Default test -->
  </suite> <!-- Default suite -->
</testng-results>
